C:\Program Files (x86)\Microsoft Visual Studio\2017\Community\Common7\IDE\VC\VCTargets\Microsoft.CppBuild.targets(373,5): warning MSB8004: Output Directory does not end with a trailing slash.  This build instance will add the slash as it is required to allow proper evaluation of the Output Directory.
  plik_b.cpp
plik_b.cpp(61): warning C4996: 'kbhit': The POSIX name for this item is deprecated. Instead, use the ISO C and C++ conformant name: _kbhit. See online help for details.
  C:\Program Files (x86)\Windows Kits\10\Include\10.0.15063.0\ucrt\conio.h(458): note: see declaration of 'kbhit'
plik_b.cpp(118): warning C4309: 'static_cast': truncation of constant value
plik_b.cpp(130): warning C4309: 'static_cast': truncation of constant value
plik_b.cpp(180): warning C4018: '>': signed/unsigned mismatch
plik_b.cpp(202): warning C4018: '>': signed/unsigned mismatch
plik_b.cpp(220): warning C4018: '>': signed/unsigned mismatch
plik_b.cpp(239): warning C4018: '>': signed/unsigned mismatch
plik_b.cpp(658): warning C4101: 'JedzenieY': unreferenced local variable
plik_b.cpp(657): warning C4101: 'JedzenieX': unreferenced local variable
plik_b.cpp(713): warning C4101: 'JedzenieY': unreferenced local variable
plik_b.cpp(712): warning C4101: 'JedzenieX': unreferenced local variable
plik_b.cpp(856): warning C4018: '<': signed/unsigned mismatch
plik_b.cpp(874): warning C4018: '<': signed/unsigned mismatch
  Generating code
  1 of 325 functions ( 0.3%) were compiled, the rest were copied from previous compilation.
    0 functions were new in current compilation
    24 functions had inline decision re-evaluated but remain unchanged
  Finished generating code
  Ekosystem.vcxproj -> C:\Users\Ja\documents\visual studio 2017\Projects\Ekosystem\Ekosystem\..\workdir\ekosystem64.exe
